C51 COMPILER V9.01   MAIN                                                                  03/10/2021 22:03:42 PAGE 1   


C51 COMPILER V9.01, COMPILATION OF MODULE MAIN
OBJECT MODULE PLACED IN main.OBJ
COMPILER INVOKED BY: E:\Tools_Dev\Keil\C51\BIN\C51.EXE main.c BROWSE DEBUG OBJECTEXTEND

line level    source

   1          /*************************************************************************************
   2          
   3          *
   4          实验现象：下载程序后，数码管显示时钟
   5                            
   6          接线说明： (具体接线图可见开发攻略对应实验的“实验现象”章节)
   7                             1，单片机-->DS1302时钟模块
   8                                          P34-->DIO
   9                                          P35-->CE
  10                                          P36-->CLK
  11                             2，单片机-->动态数码管模块
  12                                          J22-->J6
  13                                          P22-->J9(A)
  14                                          P23-->J9(B)
  15                                          P24-->J9(C)     
  16                  
  17          注意事项：                                                                              
  18          
  19                                                                                            
  20          **************************************************************************************
  21          
  22          */
  23          
  24          #include "reg52.h"                       //此文件中定义了单片机的一些特殊功能寄存器
  25          //#include "ds1302.h"   
  26          #include "PGA411.h"
  27          
  28          // typedef unsigned int u16;      //对数据类型进行声明定义
  29          // typedef unsigned char u8;
  30          
  31          sbit LSA=P2^2;
  32          sbit LSB=P2^3;
  33          sbit LSC=P2^4;
  34          
  35          
  36          char num=0;
  37          uint8_t DisplayData[8];
  38          uint8_t code smgduan[10]={0x3f,0x06,0x5b,0x4f,0x66,0x6d,0x7d,0x07,0x7f,0x6f};
  39          
  40          /*******************************************************************************
  41          * 函 数 名         : delay
  42          * 函数功能                 : 延时函数，i=1时，大约延时10us
  43          *******************************************************************************/
  44          // void delay(uint16_t i)
  45          // {
  46          //      while(i--);     
  47          // }
  48          
  49          
  50          /*******************************************************************************
  51          * 函 数 名         : datapros()
  52          * 函数功能                 : 时间读取处理转换函数
  53          * 输    入         : 无
  54          * 输    出         : 无
  55          *******************************************************************************/
C51 COMPILER V9.01   MAIN                                                                  03/10/2021 22:03:42 PAGE 2   

  56          
  57          void datapros()          
  58          {
  59   1              // Ds1302ReadTime();
  60   1              // DisplayData[0] = smgduan[TIME[2]/16];                                //时
  61   1              // DisplayData[1] = smgduan[TIME[2]&0x0f];                               
  62   1              // DisplayData[2] = 0x40;
  63   1              // DisplayData[3] = smgduan[TIME[1]/16];                                //分
  64   1              // DisplayData[4] = smgduan[TIME[1]&0x0f];      
  65   1              // DisplayData[5] = 0x40;
  66   1              // DisplayData[6] = smgduan[TIME[0]/16];                                //秒
  67   1              // DisplayData[7] = smgduan[TIME[0]&0x0f];
  68   1      
  69   1              Velocity=Get_Velocity();
  70   1              if(Velocity&0x800)
  71   1              {DisplayData[0] = 0x40;}
  72   1              else
  73   1              {DisplayData[0] =smgduan[0];}
  74   1              DisplayData[1] = smgduan[Velocity/1000];          //千位
  75   1              DisplayData[2] = smgduan[Velocity%1000/100];      //百位
  76   1              DisplayData[3] = smgduan[Velocity%100/10];        //十位
  77   1              DisplayData[4] = smgduan[Velocity%10];            //个位
  78   1      
  79   1      }
  80          
  81          
  82          /*******************************************************************************
  83          * 函数名         :DigDisplay()
  84          * 函数功能               :数码管显示函数
  85          * 输入           : 无
  86          * 输出           : 无
  87          *******************************************************************************/
  88          void DigDisplay()
  89          {
  90   1              uint8_t i;
  91   1              for(i=0;i<8;i++)
  92   1              {
  93   2                      switch(i)        //位选，选择点亮的数码管，
  94   2                      {
  95   3                              case(0):
  96   3                                      LSA=0;LSB=0;LSC=0; break;//显示第0位
  97   3                              case(1):
  98   3                                      LSA=1;LSB=0;LSC=0; break;//显示第1位
  99   3                              case(2):
 100   3                                      LSA=0;LSB=1;LSC=0; break;//显示第2位
 101   3                              case(3):
 102   3                                      LSA=1;LSB=1;LSC=0; break;//显示第3位
 103   3                              case(4):
 104   3                                      LSA=0;LSB=0;LSC=1; break;//显示第4位
 105   3                              case(5):
 106   3                                      LSA=1;LSB=0;LSC=1; break;//显示第5位
 107   3                              case(6):
 108   3                                      LSA=0;LSB=1;LSC=1; break;//显示第6位
 109   3                              case(7):
 110   3                                      LSA=1;LSB=1;LSC=1; break;//显示第7位    
 111   3                      }
 112   2                      P0=DisplayData[i];//发送数据
 113   2                      Delay(100); //间隔一段时间扫描  
 114   2                      P0=0x00;//消隐
 115   2              }               
 116   1      }
 117          
C51 COMPILER V9.01   MAIN                                                                  03/10/2021 22:03:42 PAGE 3   

 118          /*******************************************************************************
 119          * 函 数 名       : main
 120          * 函数功能               : 主函数
 121          * 输    入       : 无
 122          * 输    出       : 无
 123          *******************************************************************************/
 124          void main()
 125          {       
 126   1              //Ds1302Init();    //第一次初始化后就可以注释该条语句，这样下次重启就不会再次初始化了
 127   1      
 128   1              PGA411_INIT();
 129   1              
 130   1              while(1)
 131   1              {
 132   2                      datapros();      //数据处理函数
 133   2                      DigDisplay();//数码管显示函数           
 134   2              }               
 135   1      }
 136          


MODULE INFORMATION:   STATIC OVERLAYABLE
   CODE SIZE        =    277    ----
   CONSTANT SIZE    =     10    ----
   XDATA SIZE       =   ----    ----
   PDATA SIZE       =   ----    ----
   DATA SIZE        =      9       1
   IDATA SIZE       =   ----    ----
   BIT SIZE         =   ----    ----
END OF MODULE INFORMATION.


C51 COMPILATION COMPLETE.  0 WARNING(S),  0 ERROR(S)
